2023-01-16 02:40:22,238 [Worker-1: Loading available Gradle versions] INFO  o.e.b.c.i.u.g.PublishedGradleVersions - Gradle version information cache is up-to-date. Trying to read.
2023-01-16 02:41:17,488 [Worker-2: Updating Maven Dependencies] INFO  o.e.m.c.i.l.LifecycleMappingFactory - Using org.maven.ide.eclipse.wtp.WarLifecycleMapping lifecycle mapping for MavenProject: com.human:ex:1.0.0-BUILD-SNAPSHOT @ D:\myGit\spring\CrudTest\pom.xml.
2023-01-16 02:41:20,539 [Worker-9: Building workspace] INFO  o.e.m.c.i.l.LifecycleMappingFactory - Using org.maven.ide.eclipse.wtp.WarLifecycleMapping lifecycle mapping for MavenProject: com.human:ex:1.0.0-BUILD-SNAPSHOT @ D:\myGit\spring\CrudTest\pom.xml.
2023-01-16 02:41:25,664 [Worker-9: Building workspace] WARN  o.e.m.c.i.embedder.EclipseLogger - Using platform encoding (UTF-8 actually) to copy filtered resources, i.e. build is platform dependent!
2023-01-16 02:41:25,698 [Worker-9: Building workspace] INFO  o.e.m.c.i.embedder.EclipseLogger - Copying 3 resources
2023-01-16 02:41:25,729 [Worker-9: Building workspace] WARN  o.e.m.c.i.embedder.EclipseLogger - Using platform encoding (UTF-8 actually) to copy filtered resources, i.e. build is platform dependent!
2023-01-16 02:41:25,732 [Worker-9: Building workspace] INFO  o.e.m.c.i.embedder.EclipseLogger - Copying 1 resource
2023-01-16 02:41:27,300 [Worker-10: Building workspace] WARN  o.e.m.c.i.embedder.EclipseLogger - Using platform encoding (UTF-8 actually) to copy filtered resources, i.e. build is platform dependent!
2023-01-16 02:41:27,304 [Worker-10: Building workspace] INFO  o.e.m.c.i.embedder.EclipseLogger - Copying 3 resources
2023-01-16 02:41:27,323 [Worker-10: Building workspace] WARN  o.e.m.c.i.embedder.EclipseLogger - Using platform encoding (UTF-8 actually) to copy filtered resources, i.e. build is platform dependent!
2023-01-16 02:41:27,325 [Worker-10: Building workspace] INFO  o.e.m.c.i.embedder.EclipseLogger - Copying 1 resource
2023-01-16 02:41:27,650 [Worker-11: Building workspace] WARN  o.e.m.c.i.embedder.EclipseLogger - Using platform encoding (UTF-8 actually) to copy filtered resources, i.e. build is platform dependent!
2023-01-16 02:41:27,652 [Worker-11: Building workspace] INFO  o.e.m.c.i.embedder.EclipseLogger - Copying 3 resources
2023-01-16 02:41:27,670 [Worker-11: Building workspace] WARN  o.e.m.c.i.embedder.EclipseLogger - Using platform encoding (UTF-8 actually) to copy filtered resources, i.e. build is platform dependent!
2023-01-16 02:41:27,672 [Worker-11: Building workspace] INFO  o.e.m.c.i.embedder.EclipseLogger - Copying 1 resource
2023-01-16 02:41:28,055 [Worker-10: Building workspace] WARN  o.e.m.c.i.embedder.EclipseLogger - Using platform encoding (UTF-8 actually) to copy filtered resources, i.e. build is platform dependent!
2023-01-16 02:41:28,059 [Worker-10: Building workspace] INFO  o.e.m.c.i.embedder.EclipseLogger - Copying 3 resources
2023-01-16 02:41:28,100 [Worker-10: Building workspace] WARN  o.e.m.c.i.embedder.EclipseLogger - Using platform encoding (UTF-8 actually) to copy filtered resources, i.e. build is platform dependent!
2023-01-16 02:41:28,102 [Worker-10: Building workspace] INFO  o.e.m.c.i.embedder.EclipseLogger - Copying 1 resource
2023-01-16 02:41:29,996 [Worker-4: Building workspace] WARN  o.e.m.c.i.embedder.EclipseLogger - Using platform encoding (UTF-8 actually) to copy filtered resources, i.e. build is platform dependent!
2023-01-16 02:41:30,005 [Worker-4: Building workspace] INFO  o.e.m.c.i.embedder.EclipseLogger - Copying 3 resources
2023-01-16 02:41:30,007 [Worker-6: Updating Maven Dependencies] INFO  o.e.m.c.i.l.LifecycleMappingFactory - Using org.maven.ide.eclipse.wtp.WarLifecycleMapping lifecycle mapping for MavenProject: com.human:ex:1.0.0-BUILD-SNAPSHOT @ D:\myGit\spring\CrudTest\pom.xml.
2023-01-16 02:41:30,037 [Worker-4: Building workspace] WARN  o.e.m.c.i.embedder.EclipseLogger - Using platform encoding (UTF-8 actually) to copy filtered resources, i.e. build is platform dependent!
2023-01-16 02:41:30,040 [Worker-4: Building workspace] INFO  o.e.m.c.i.embedder.EclipseLogger - Copying 1 resource
2023-01-16 02:41:31,494 [Worker-2: Building workspace] WARN  o.e.m.c.i.embedder.EclipseLogger - Using platform encoding (UTF-8 actually) to copy filtered resources, i.e. build is platform dependent!
2023-01-16 02:41:31,496 [Worker-2: Building workspace] INFO  o.e.m.c.i.embedder.EclipseLogger - Copying 3 resources
2023-01-16 02:41:31,516 [Worker-2: Building workspace] WARN  o.e.m.c.i.embedder.EclipseLogger - Using platform encoding (UTF-8 actually) to copy filtered resources, i.e. build is platform dependent!
2023-01-16 02:41:31,518 [Worker-2: Building workspace] INFO  o.e.m.c.i.embedder.EclipseLogger - Copying 1 resource
2023-01-16 02:41:43,530 [Worker-5: Building workspace] WARN  o.e.m.c.i.embedder.EclipseLogger - Using platform encoding (UTF-8 actually) to copy filtered resources, i.e. build is platform dependent!
2023-01-16 02:41:43,536 [Worker-5: Building workspace] INFO  o.e.m.c.i.embedder.EclipseLogger - Copying 0 resource
2023-01-16 02:41:43,539 [Worker-5: Building workspace] WARN  o.e.m.c.i.embedder.EclipseLogger - Using platform encoding (UTF-8 actually) to copy filtered resources, i.e. build is platform dependent!
2023-01-16 02:41:43,541 [Worker-5: Building workspace] INFO  o.e.m.c.i.embedder.EclipseLogger - Copying 0 resource
2023-01-16 02:41:45,092 [Worker-5: Building workspace] INFO  o.e.m.c.i.l.LifecycleMappingFactory - Using org.maven.ide.eclipse.wtp.WarLifecycleMapping lifecycle mapping for MavenProject: com.human:ex:1.0.0-BUILD-SNAPSHOT @ D:\myGit\spring\CruddTest_ex1\pom.xml.
2023-01-16 02:41:45,363 [Worker-5: Building workspace] WARN  o.e.m.c.i.embedder.EclipseLogger - Using platform encoding (UTF-8 actually) to copy filtered resources, i.e. build is platform dependent!
2023-01-16 02:41:45,365 [Worker-5: Building workspace] INFO  o.e.m.c.i.embedder.EclipseLogger - Copying 3 resources
2023-01-16 02:41:45,380 [Worker-5: Building workspace] WARN  o.e.m.c.i.embedder.EclipseLogger - Using platform encoding (UTF-8 actually) to copy filtered resources, i.e. build is platform dependent!
2023-01-16 02:41:45,381 [Worker-5: Building workspace] INFO  o.e.m.c.i.embedder.EclipseLogger - Copying 1 resource
2023-01-16 02:41:50,548 [Worker-5: Building workspace] WARN  o.e.m.c.i.embedder.EclipseLogger - Using platform encoding (UTF-8 actually) to copy filtered resources, i.e. build is platform dependent!
2023-01-16 02:41:50,584 [Worker-5: Building workspace] INFO  o.e.m.c.i.embedder.EclipseLogger - Copying 3 resources
2023-01-16 02:41:50,606 [Worker-5: Building workspace] WARN  o.e.m.c.i.embedder.EclipseLogger - Using platform encoding (UTF-8 actually) to copy filtered resources, i.e. build is platform dependent!
2023-01-16 02:41:50,609 [Worker-5: Building workspace] INFO  o.e.m.c.i.embedder.EclipseLogger - Copying 1 resource
2023-01-16 02:44:19,575 [Worker-14: Building workspace] WARN  o.e.m.c.i.embedder.EclipseLogger - Using platform encoding (UTF-8 actually) to copy filtered resources, i.e. build is platform dependent!
2023-01-16 02:44:19,578 [Worker-14: Building workspace] INFO  o.e.m.c.i.embedder.EclipseLogger - Copying 0 resource
2023-01-16 02:44:19,580 [Worker-14: Building workspace] WARN  o.e.m.c.i.embedder.EclipseLogger - Using platform encoding (UTF-8 actually) to copy filtered resources, i.e. build is platform dependent!
2023-01-16 02:44:19,582 [Worker-14: Building workspace] INFO  o.e.m.c.i.embedder.EclipseLogger - Copying 0 resource
2023-01-16 02:45:02,180 [Worker-15: Building workspace] INFO  o.e.m.c.i.l.LifecycleMappingFactory - Using org.maven.ide.eclipse.wtp.WarLifecycleMapping lifecycle mapping for MavenProject: com.human:ex:1.0.0-BUILD-SNAPSHOT @ D:\myGit\spring\CrudTest\pom.xml.
2023-01-16 02:45:04,230 [Worker-15: Building workspace] WARN  o.e.m.c.i.embedder.EclipseLogger - Using platform encoding (UTF-8 actually) to copy filtered resources, i.e. build is platform dependent!
2023-01-16 02:45:04,233 [Worker-15: Building workspace] INFO  o.e.m.c.i.embedder.EclipseLogger - Copying 3 resources
2023-01-16 02:45:04,258 [Worker-15: Building workspace] WARN  o.e.m.c.i.embedder.EclipseLogger - Using platform encoding (UTF-8 actually) to copy filtered resources, i.e. build is platform dependent!
2023-01-16 02:45:04,260 [Worker-15: Building workspace] INFO  o.e.m.c.i.embedder.EclipseLogger - Copying 1 resource
2023-01-16 02:45:04,701 [Worker-15: Building workspace] INFO  o.e.m.c.i.l.LifecycleMappingFactory - Using org.maven.ide.eclipse.wtp.WarLifecycleMapping lifecycle mapping for MavenProject: com.human:ex:1.0.0-BUILD-SNAPSHOT @ D:\myGit\spring\CruddTest_ex1\pom.xml.
2023-01-16 02:45:05,155 [Worker-15: Building workspace] WARN  o.e.m.c.i.embedder.EclipseLogger - Using platform encoding (UTF-8 actually) to copy filtered resources, i.e. build is platform dependent!
2023-01-16 02:45:05,158 [Worker-15: Building workspace] INFO  o.e.m.c.i.embedder.EclipseLogger - Copying 3 resources
2023-01-16 02:45:05,177 [Worker-15: Building workspace] WARN  o.e.m.c.i.embedder.EclipseLogger - Using platform encoding (UTF-8 actually) to copy filtered resources, i.e. build is platform dependent!
2023-01-16 02:45:05,179 [Worker-15: Building workspace] INFO  o.e.m.c.i.embedder.EclipseLogger - Copying 1 resource
2023-01-16 02:45:11,570 [Worker-15: Building workspace] WARN  o.e.m.c.i.embedder.EclipseLogger - Using platform encoding (UTF-8 actually) to copy filtered resources, i.e. build is platform dependent!
2023-01-16 02:45:11,579 [Worker-15: Building workspace] INFO  o.e.m.c.i.embedder.EclipseLogger - Copying 3 resources
2023-01-16 02:45:11,599 [Worker-15: Building workspace] WARN  o.e.m.c.i.embedder.EclipseLogger - Using platform encoding (UTF-8 actually) to copy filtered resources, i.e. build is platform dependent!
2023-01-16 02:45:11,602 [Worker-15: Building workspace] INFO  o.e.m.c.i.embedder.EclipseLogger - Copying 1 resource
2023-01-16 02:45:12,327 [Worker-15: Building workspace] WARN  o.e.m.c.i.embedder.EclipseLogger - Using platform encoding (UTF-8 actually) to copy filtered resources, i.e. build is platform dependent!
2023-01-16 02:45:12,331 [Worker-15: Building workspace] INFO  o.e.m.c.i.embedder.EclipseLogger - Copying 3 resources
2023-01-16 02:45:12,352 [Worker-15: Building workspace] WARN  o.e.m.c.i.embedder.EclipseLogger - Using platform encoding (UTF-8 actually) to copy filtered resources, i.e. build is platform dependent!
2023-01-16 02:45:12,355 [Worker-15: Building workspace] INFO  o.e.m.c.i.embedder.EclipseLogger - Copying 1 resource
2023-01-16 02:46:39,094 [Worker-16: Building workspace] INFO  o.e.m.c.i.l.LifecycleMappingFactory - Using org.maven.ide.eclipse.wtp.WarLifecycleMapping lifecycle mapping for MavenProject: com.human:ex:1.0.0-BUILD-SNAPSHOT @ D:\myGit\spring\CruddTest_ex1\pom.xml.
2023-01-16 02:46:39,486 [Worker-16: Building workspace] WARN  o.e.m.c.i.embedder.EclipseLogger - Using platform encoding (UTF-8 actually) to copy filtered resources, i.e. build is platform dependent!
2023-01-16 02:46:39,489 [Worker-16: Building workspace] INFO  o.e.m.c.i.embedder.EclipseLogger - Copying 3 resources
2023-01-16 02:46:39,503 [Worker-16: Building workspace] WARN  o.e.m.c.i.embedder.EclipseLogger - Using platform encoding (UTF-8 actually) to copy filtered resources, i.e. build is platform dependent!
2023-01-16 02:46:39,505 [Worker-16: Building workspace] INFO  o.e.m.c.i.embedder.EclipseLogger - Copying 1 resource
2023-01-16 02:46:40,190 [Worker-15: Updating Maven Dependencies] INFO  o.e.m.c.i.l.LifecycleMappingFactory - Using org.maven.ide.eclipse.wtp.WarLifecycleMapping lifecycle mapping for MavenProject: com.human:ex:1.0.0-BUILD-SNAPSHOT @ D:\myGit\spring\CruddTest_ex1\pom.xml.
2023-01-16 02:51:02,125 [Worker-20: Building workspace] WARN  o.e.m.c.i.embedder.EclipseLogger - Using platform encoding (UTF-8 actually) to copy filtered resources, i.e. build is platform dependent!
2023-01-16 02:51:02,126 [Worker-20: Building workspace] INFO  o.e.m.c.i.embedder.EclipseLogger - skip non existing resourceDirectory D:\myGit\spring\CrudTest\src\main\resources
2023-01-16 02:51:02,128 [Worker-20: Building workspace] WARN  o.e.m.c.i.embedder.EclipseLogger - Using platform encoding (UTF-8 actually) to copy filtered resources, i.e. build is platform dependent!
2023-01-16 02:51:02,129 [Worker-20: Building workspace] INFO  o.e.m.c.i.embedder.EclipseLogger - skip non existing resourceDirectory D:\myGit\spring\CrudTest\src\test\resources
